Digite uma das opções abaixo: 
0. Fechar o Programa 
1. Printar um conjunto 
2. Printar todos os conjuntos 
3. Criar conjunto 
4. Remover conjunto 
5. Inserir elemento em um conjunto 
6. Remover elemento de um conjunto 
7. Criar união 
8. Criar Intersecção 
9. Verificar se elemento pertence 

Inserir o nome do novo conjunto: Inserir os elementos do conjunto: 



Digite uma das opções abaixo: 
0. Fechar o Programa 
1. Printar um conjunto 
2. Printar todos os conjuntos 
3. Criar conjunto 
4. Remover conjunto 
5. Inserir elemento em um conjunto 
6. Remover elemento de um conjunto 
7. Criar união 
8. Criar Intersecção 
9. Verificar se elemento pertence 

Inserir o nome do novo conjunto: Inserir os elementos do conjunto: 



Digite uma das opções abaixo: 
0. Fechar o Programa 
1. Printar um conjunto 
2. Printar todos os conjuntos 
3. Criar conjunto 
4. Remover conjunto 
5. Inserir elemento em um conjunto 
6. Remover elemento de um conjunto 
7. Criar união 
8. Criar Intersecção 
9. Verificar se elemento pertence 

Insira o nome do primeiro conjunto: Insira o nome do segundo conjunto: Insira o nome do conjunto uniao: 


Digite uma das opções abaixo: 
0. Fechar o Programa 
1. Printar um conjunto 
2. Printar todos os conjuntos 
3. Criar conjunto 
4. Remover conjunto 
5. Inserir elemento em um conjunto 
6. Remover elemento de um conjunto 
7. Criar união 
8. Criar Intersecção 
9. Verificar se elemento pertence 

Insira o nome do primeiro conjunto: Insira o nome do segundo conjunto: Insira o nome do conjunto intersecção: 


Digite uma das opções abaixo: 
0. Fechar o Programa 
1. Printar um conjunto 
2. Printar todos os conjuntos 
3. Criar conjunto 
4. Remover conjunto 
5. Inserir elemento em um conjunto 
6. Remover elemento de um conjunto 
7. Criar união 
8. Criar Intersecção 
9. Verificar se elemento pertence 

Pares: 2 4 6 8 10 12 14 16 18 20 22 24 26 28 30 32 34 36 38 40 42 44 46 48 50 

Impares: 1 3 5 7 9 11 13 15 17 19 21 23 25 27 29 31 33 35 37 39 41 43 45 47 49 

Uniao: 1 2 3 4 5 6 7 8 9 10 11 12 13 14 15 16 17 18 19 20 21 22 23 24 25 26 27 28 29 30 31 32 33 34 35 36 37 38 39 40 41 42 43 44 45 46 47 48 49 50 

Interseccao: 




Digite uma das opções abaixo: 
0. Fechar o Programa 
1. Printar um conjunto 
2. Printar todos os conjuntos 
3. Criar conjunto 
4. Remover conjunto 
5. Inserir elemento em um conjunto 
6. Remover elemento de um conjunto 
7. Criar união 
8. Criar Intersecção 
9. Verificar se elemento pertence 

Inserir o nome do conjunto para ver se elemento pertence: Insira o elemento: O elemento inserido não pertence ao conjunto 'Interseccao' !


Digite uma das opções abaixo: 
0. Fechar o Programa 
1. Printar um conjunto 
2. Printar todos os conjuntos 
3. Criar conjunto 
4. Remover conjunto 
5. Inserir elemento em um conjunto 
6. Remover elemento de um conjunto 
7. Criar união 
8. Criar Intersecção 
9. Verificar se elemento pertence 

Inserir o nome do conjunto para inserir elemento: Insira o elemento: 


Digite uma das opções abaixo: 
0. Fechar o Programa 
1. Printar um conjunto 
2. Printar todos os conjuntos 
3. Criar conjunto 
4. Remover conjunto 
5. Inserir elemento em um conjunto 
6. Remover elemento de um conjunto 
7. Criar união 
8. Criar Intersecção 
9. Verificar se elemento pertence 

Pares: 2 4 6 8 10 12 14 16 18 20 22 24 26 28 30 32 34 36 38 40 42 44 46 48 50 

Impares: 1 3 5 7 9 11 13 15 17 19 21 23 25 27 29 31 33 35 37 39 41 43 45 47 49 

Uniao: 1 2 3 4 5 6 7 8 9 10 11 12 13 14 15 16 17 18 19 20 21 22 23 24 25 26 27 28 29 30 31 32 33 34 35 36 37 38 39 40 41 42 43 44 45 46 47 48 49 50 

Interseccao: 2 




Digite uma das opções abaixo: 
0. Fechar o Programa 
1. Printar um conjunto 
2. Printar todos os conjuntos 
3. Criar conjunto 
4. Remover conjunto 
5. Inserir elemento em um conjunto 
6. Remover elemento de um conjunto 
7. Criar união 
8. Criar Intersecção 
9. Verificar se elemento pertence 

Inserir o nome do conjunto para remover elemento: Insira o elemento: 


Digite uma das opções abaixo: 
0. Fechar o Programa 
1. Printar um conjunto 
2. Printar todos os conjuntos 
3. Criar conjunto 
4. Remover conjunto 
5. Inserir elemento em um conjunto 
6. Remover elemento de um conjunto 
7. Criar união 
8. Criar Intersecção 
9. Verificar se elemento pertence 

Pares: 2 4 6 8 10 12 14 16 18 20 22 24 26 28 30 32 34 36 38 40 42 44 46 48 50 

Impares: 1 3 5 7 9 11 13 15 17 19 21 23 25 27 29 31 33 35 37 39 41 43 45 47 49 

Uniao: 1 2 3 4 5 6 7 8 9 10 11 12 13 14 15 16 17 18 19 20 21 22 23 24 25 26 27 28 29 30 31 32 33 34 35 36 37 38 39 40 41 42 43 44 45 46 47 48 49 50 

Interseccao: 




Digite uma das opções abaixo: 
0. Fechar o Programa 
1. Printar um conjunto 
2. Printar todos os conjuntos 
3. Criar conjunto 
4. Remover conjunto 
5. Inserir elemento em um conjunto 
6. Remover elemento de um conjunto 
7. Criar união 
8. Criar Intersecção 
9. Verificar se elemento pertence 

Obrigado por usar o programa!



