Digite uma das opções abaixo: 
0. Fechar o Programa 
1. Printar um conjunto 
2. Printar todos os conjuntos 
3. Criar conjunto 
4. Remover conjunto 
5. Inserir elemento em um conjunto 
6. Remover elemento de um conjunto 
7. Criar união 
8. Criar Intersecção 
9. Verificar se elemento pertence 

Inserir o nome do novo conjunto: Inserir os elementos do conjunto: 



Digite uma das opções abaixo: 
0. Fechar o Programa 
1. Printar um conjunto 
2. Printar todos os conjuntos 
3. Criar conjunto 
4. Remover conjunto 
5. Inserir elemento em um conjunto 
6. Remover elemento de um conjunto 
7. Criar união 
8. Criar Intersecção 
9. Verificar se elemento pertence 

Inserir o nome do novo conjunto: Inserir os elementos do conjunto: 



Digite uma das opções abaixo: 
0. Fechar o Programa 
1. Printar um conjunto 
2. Printar todos os conjuntos 
3. Criar conjunto 
4. Remover conjunto 
5. Inserir elemento em um conjunto 
6. Remover elemento de um conjunto 
7. Criar união 
8. Criar Intersecção 
9. Verificar se elemento pertence 

Insira o nome do primeiro conjunto: Insira o nome do segundo conjunto: Insira o nome do conjunto intersecção: 


Digite uma das opções abaixo: 
0. Fechar o Programa 
1. Printar um conjunto 
2. Printar todos os conjuntos 
3. Criar conjunto 
4. Remover conjunto 
5. Inserir elemento em um conjunto 
6. Remover elemento de um conjunto 
7. Criar união 
8. Criar Intersecção 
9. Verificar se elemento pertence 

mult2: 2 4 6 8 10 12 14 16 18 20 22 24 26 28 30 32 34 36 38 40 42 44 46 48 50 52 54 56 58 60 

mult3: 3 6 9 12 15 18 21 24 27 30 33 36 39 42 45 48 51 54 57 60 

mult6: 6 12 18 24 30 36 42 48 54 60 




Digite uma das opções abaixo: 
0. Fechar o Programa 
1. Printar um conjunto 
2. Printar todos os conjuntos 
3. Criar conjunto 
4. Remover conjunto 
5. Inserir elemento em um conjunto 
6. Remover elemento de um conjunto 
7. Criar união 
8. Criar Intersecção 
9. Verificar se elemento pertence 

Inserir o nome do conjunto para ver se elemento pertence: Insira o elemento: O elemento inserido pertence ao conjunto 'mult6' !


Digite uma das opções abaixo: 
0. Fechar o Programa 
1. Printar um conjunto 
2. Printar todos os conjuntos 
3. Criar conjunto 
4. Remover conjunto 
5. Inserir elemento em um conjunto 
6. Remover elemento de um conjunto 
7. Criar união 
8. Criar Intersecção 
9. Verificar se elemento pertence 

Obrigado por usar o programa!



